[ 2026-06-03 08:01:42,779 ] - logger.py - 20 - root - INFO - Logging has started . . . .
[ 2026-06-03 08:01:43,333 ] - data_ingestion.py - 26 - root - INFO - Entered the data ingestion method or component
[ 2026-06-03 08:01:43,336 ] - data_ingestion.py - 52 - root - ERROR - operation failed due to: Cannot save file into a non-existent directory: 'artifact'
[ 2026-06-03 08:01:43,336 ] - exception.py - 21 - root - INFO - Error occurred in python script name [/home/sawai/PycharmProjects/AI-learning/ex4_end_to_end/src/components/data_ingestion.py] line number [32] error message [Cannot save file into a non-existent directory: 'artifact']
[ 2026-06-03 08:01:43,336 ] - exception.py - 24 - root - ERROR - <traceback object at 0x7d746ae906c0>
Traceback (most recent call last):
  File "/home/sawai/PycharmProjects/AI-learning/ex4_end_to_end/src/components/data_ingestion.py", line 32, in initiate_data_ingestion
    df.to_csv(self.data_ingestion_config.raw_data_path, header=True, index=False)
  File "/home/sawai/PycharmProjects/ex3_end_to_end/.venv/lib/python3.11/site-packages/pandas/core/generic.py", line 3988, in to_csv
    return DataFrameRenderer(formatter).to_csv(
           ^^^^^^^^^^^^^^^^^^^^^^^^^^^^^^^^^^^^
  File "/home/sawai/PycharmProjects/ex3_end_to_end/.venv/lib/python3.11/site-packages/pandas/io/formats/format.py", line 1025, in to_csv
    csv_formatter.save()
  File "/home/sawai/PycharmProjects/ex3_end_to_end/.venv/lib/python3.11/site-packages/pandas/io/formats/csvs.py", line 251, in save
    with get_handle(
         ^^^^^^^^^^^
  File "/home/sawai/PycharmProjects/ex3_end_to_end/.venv/lib/python3.11/site-packages/pandas/io/common.py", line 797, in get_handle
    check_parent_directory(str(handle))
  File "/home/sawai/PycharmProjects/ex3_end_to_end/.venv/lib/python3.11/site-packages/pandas/io/common.py", line 656, in check_parent_directory
    raise OSError(rf"Cannot save file into a non-existent directory: '{parent}'")
OSError: Cannot save file into a non-existent directory: 'artifact'
