[ 2026-06-03 06:34:44,714 ] - logger.py - 20 - root - INFO - Logging has started . . . .
[ 2026-06-03 06:34:44,727 ] - data_ingestion.py - 23 - root - INFO - =============entered into the check_and_clear_null_values method================
[ 2026-06-03 06:34:44,728 ] - data_ingestion.py - 33 - root - INFO - =============entered into the check_and_remove_duplicate method================
[ 2026-06-03 06:34:44,729 ] - data_ingestion.py - 44 - root - INFO - =============entered into the print_data_info method================
[ 2026-06-03 06:34:44,732 ] - data_ingestion.py - 49 - root - INFO - =============entered into the describe_data_info method================
[ 2026-06-03 06:34:44,735 ] - data_ingestion.py - 54 - root - INFO - =============entered into the explore_data_frame method================ 



[ 2026-06-03 06:34:44,735 ] - data_ingestion.py - 58 - root - INFO - column: gender 
 Possible values: ['female', 'male'] 


[ 2026-06-03 06:34:44,735 ] - data_ingestion.py - 58 - root - INFO - column: race/ethnicity 
 Possible values: ['group B', 'group C', 'group A', 'group D', 'group E'] 


[ 2026-06-03 06:34:44,735 ] - data_ingestion.py - 58 - root - INFO - column: parental level of education 
 Possible values: ["bachelor's degree", 'some college', "master's degree", "associate's degree", 'high school', 'some high school'] 


[ 2026-06-03 06:34:44,736 ] - data_ingestion.py - 58 - root - INFO - column: lunch 
 Possible values: ['standard', 'free/reduced'] 


[ 2026-06-03 06:34:44,736 ] - data_ingestion.py - 58 - root - INFO - column: test preparation course 
 Possible values: ['none', 'completed'] 


[ 2026-06-03 06:34:44,736 ] - data_ingestion.py - 58 - root - INFO - column: math score 
 Possible values: [72, 69, 90, 47, 76, 71, 88, 40, 64, 38, 58, 65, 78, 50, 18, 46, 54, 66, 44, 74, 73, 67, 70, 62, 63, 56, 97, 81, 75, 57, 55, 53, 59, 82, 77, 33, 52, 0, 79, 39, 45, 60, 61, 41, 49, 30, 80, 42, 27, 43, 68, 85, 98, 87, 51, 99, 84, 91, 83, 89, 22, 100, 96, 94, 48, 35, 34, 86, 92, 37, 28, 24, 26, 95, 36, 29, 32, 93, 19, 23, 8] 


[ 2026-06-03 06:34:44,736 ] - data_ingestion.py - 58 - root - INFO - column: reading score 
 Possible values: [72, 90, 95, 57, 78, 83, 43, 64, 60, 54, 52, 81, 53, 75, 89, 32, 42, 58, 69, 73, 71, 74, 70, 65, 87, 56, 61, 84, 55, 44, 41, 85, 59, 17, 39, 80, 37, 63, 51, 49, 26, 68, 45, 47, 86, 34, 79, 66, 67, 91, 100, 76, 77, 82, 92, 93, 62, 88, 50, 28, 48, 46, 23, 38, 94, 97, 99, 31, 96, 24, 29, 40] 


[ 2026-06-03 06:34:44,736 ] - data_ingestion.py - 58 - root - INFO - column: writing score 
 Possible values: [74, 88, 93, 44, 75, 78, 92, 39, 67, 50, 52, 43, 73, 70, 58, 86, 28, 46, 61, 63, 53, 80, 72, 55, 65, 38, 82, 79, 83, 59, 57, 54, 68, 66, 62, 76, 48, 42, 87, 49, 10, 34, 71, 37, 56, 41, 22, 81, 45, 36, 89, 47, 90, 100, 64, 98, 51, 40, 84, 69, 33, 60, 85, 91, 77, 27, 94, 95, 19, 35, 32, 96, 97, 99, 15, 30, 23] 


