[ 2026-06-16 07:37:29,776 ] - logger.py - 20 - root - INFO - Logging has started . . . .
[ 2026-06-16 07:37:29,778 ] - data_ingestion.py - 30 - root - INFO - Entered the data ingestion method or component
[ 2026-06-16 07:37:29,779 ] - data_ingestion.py - 33 - root - INFO - data source read successfully and converted into the df, storing the raw data in: artifact/raw_data.csv
[ 2026-06-16 07:37:29,782 ] - data_ingestion.py - 41 - root - INFO - raw data stored successfully at this path: artifact/raw_data.csv
[ 2026-06-16 07:37:29,783 ] - data_ingestion.py - 45 - root - INFO - storing train data at: artifact/train.csv
[ 2026-06-16 07:37:29,785 ] - data_ingestion.py - 47 - root - INFO - train data stored successfully at: artifact/train.csv
[ 2026-06-16 07:37:29,785 ] - data_ingestion.py - 49 - root - INFO - storing test data at: artifact/test.csv
[ 2026-06-16 07:37:29,785 ] - data_ingestion.py - 51 - root - INFO - test data stored successfully at: artifact/test.csv
[ 2026-06-16 07:37:29,786 ] - data_transformation.py - 71 - root - INFO - start reading the test and train data from csv
[ 2026-06-16 07:37:29,787 ] - data_transformation.py - 74 - root - INFO - read the test and train data from csv
[ 2026-06-16 07:37:29,787 ] - data_transformation.py - 76 - root - INFO - target column extraction from train and test dataset process initiated
[ 2026-06-16 07:37:29,788 ] - data_transformation.py - 83 - root - INFO - target column extraction from train and test dataset process completed
[ 2026-06-16 07:37:29,788 ] - data_transformation.py - 85 - root - INFO - applying preprocessing pipeline on the objects
[ 2026-06-16 07:37:29,788 ] - data_transformation.py - 55 - root - INFO - pipelines defined for the numeric and category fields.
[ 2026-06-16 07:37:29,788 ] - data_transformation.py - 56 - root - INFO - initializing the data transformation process.
[ 2026-06-16 07:37:29,798 ] - data_transformation.py - 95 - root - INFO - saving the pre processor as pkl file
[ 2026-06-16 07:37:29,800 ] - data_transformation.py - 97 - root - INFO - pre processor saved pkl file into disk
[ 2026-06-16 07:37:43,379 ] - model_trainer.py - 80 - root - INFO - Model name with r2 score {'Random Forest': 0.8531936558697213, 'Decision Tree': 0.7483956498440032, 'Linear Regression': 0.8804332983749564, 'K-Neighbors Regression': 0.7935730177799807, 'XGBRegressor': 0.8492434722253639, 'CatBoosting': 0.845267984115404, 'AdaBoost': 0.8469928688008956}
[ 2026-06-16 07:37:43,379 ] - model_trainer.py - 90 - root - INFO - Best model name: Linear Regression with score: 0.8804332983749564
[ 2026-06-16 07:37:43,379 ] - model_trainer.py - 96 - root - INFO - Storing model into the model.pkl file
[ 2026-06-16 07:37:43,380 ] - model_trainer.py - 99 - root - INFO - model file stored successfully at: artifact/model.pkl
